<?xml version="1.0" encoding="UTF-8"?>
<testng-results ignored="1" total="2" passed="1" failed="0" skipped="0">
  <reporter-output>
  </reporter-output>
  <suite started-at="2022-01-09T22:05:40Z" name="Web Suite" finished-at="2022-01-09T22:06:02Z" duration-ms="21418">
    <groups>
    </groups>
    <test started-at="2022-01-09T22:05:40Z" name="QATestCase" finished-at="2022-01-09T22:06:02Z" duration-ms="21418">
      <class name="tests.test">
        <test-method is-config="true" signature="beforeSuite()[pri:0, instance:tests.test@16aa0a0a]" started-at="2022-01-09T22:05:40Z" name="beforeSuite" finished-at="2022-01-09T22:05:40Z" duration-ms="74" status="PASS">
          <reporter-output>
          </reporter-output>
        </test-method> <!-- beforeSuite -->
        <test-method is-config="true" signature="Setup()[pri:0, instance:tests.test@16aa0a0a]" started-at="2022-01-09T22:05:40Z" name="Setup" finished-at="2022-01-09T22:05:41Z" duration-ms="998" status="PASS">
          <reporter-output>
          </reporter-output>
        </test-method> <!-- Setup -->
        <test-method is-config="true" signature="beforeMethod(java.lang.reflect.Method)[pri:0, instance:tests.test@16aa0a0a]" started-at="2022-01-09T22:05:41Z" name="beforeMethod" finished-at="2022-01-09T22:05:41Z" duration-ms="6" status="PASS">
          <params>
            <param index="0">
              <value>
                <![CDATA[public void tests.test.SearchProductAndDetail()]]>
              </value>
            </param>
          </params>
          <reporter-output>
          </reporter-output>
        </test-method> <!-- beforeMethod -->
        <test-method signature="SearchProductAndDetail()[pri:0, instance:tests.test@16aa0a0a]" started-at="2022-01-09T22:05:41Z" name="SearchProductAndDetail" finished-at="2022-01-09T22:06:02Z" duration-ms="20210" status="PASS">
          <reporter-output>
          </reporter-output>
        </test-method> <!-- SearchProductAndDetail -->
        <test-method is-config="true" signature="tearDown(org.testng.ITestResult)[pri:0, instance:tests.test@16aa0a0a]" started-at="2022-01-09T22:06:02Z" name="tearDown" finished-at="2022-01-09T22:06:02Z" duration-ms="1" status="PASS">
          <params>
            <param index="0">
              <value>
                <![CDATA[[TestResult name=SearchProductAndDetail status=SUCCESS method=test.SearchProductAndDetail()[pri:0, instance:tests.test@16aa0a0a] output={null}]]]>
              </value>
            </param>
          </params>
          <reporter-output>
          </reporter-output>
        </test-method> <!-- tearDown -->
        <test-method is-config="true" signature="AfterClass()[pri:0, instance:tests.test@16aa0a0a]" started-at="2022-01-09T22:06:02Z" name="AfterClass" finished-at="2022-01-09T22:06:02Z" duration-ms="195" status="PASS">
          <reporter-output>
          </reporter-output>
        </test-method> <!-- AfterClass -->
        <test-method is-config="true" signature="afterSuite()[pri:0, instance:tests.test@16aa0a0a]" started-at="2022-01-09T22:06:02Z" name="afterSuite" finished-at="2022-01-09T22:06:02Z" duration-ms="181" status="PASS">
          <reporter-output>
          </reporter-output>
        </test-method> <!-- afterSuite -->
      </class> <!-- tests.test -->
    </test> <!-- QATestCase -->
  </suite> <!-- Web Suite -->
</testng-results>
